#-----------------------------------------------------------
# Vivado v2020.2 (64-bit)
# SW Build 3064766 on Wed Nov 18 09:12:45 MST 2020
# IP Build 3064653 on Wed Nov 18 14:17:31 MST 2020
# Start of session at: Tue Jul 19 16:42:52 2022
# Process ID: 3388
# Current directory: C:/Users/lenovo/iCloudDrive/Assignments/CMPEN331/lab4/lab4
# Command line: vivado.exe -gui_launcher_event rodinguilauncherevent14216 C:\Users\lenovo\iCloudDrive\Assignments\CMPEN331\lab4\lab4\lab4.xpr
# Log file: C:/Users/lenovo/iCloudDrive/Assignments/CMPEN331/lab4/lab4/vivado.log
# Journal file: C:/Users/lenovo/iCloudDrive/Assignments/CMPEN331/lab4/lab4\vivado.jou
#-----------------------------------------------------------
start_gui
open_project C:/Users/lenovo/iCloudDrive/Assignments/CMPEN331/lab4/lab4/lab4.xpr
WARNING: [filemgmt 56-3] Default IP Output Path : Could not find the directory 'C:/Users/lenovo/iCloudDrive/Assignments/CMPEN331/lab4/lab4/lab4.gen/sources_1'.
CRITICAL WARNING: [Project 1-19] Could not find the file 'C:/Users/lenovo/iCloudDrive/Assignments/CMPEN331/lab4/lab3/lab3.srcs/sources_1/new/ControlUnit.v'.
CRITICAL WARNING: [Project 1-19] Could not find the file 'C:/Users/lenovo/iCloudDrive/Assignments/CMPEN331/lab4/lab3/lab3.srcs/sources_1/new/IDEXEPipelineReg.v'.
CRITICAL WARNING: [Project 1-19] Could not find the file 'C:/Users/lenovo/iCloudDrive/Assignments/CMPEN331/lab4/lab3/lab3.srcs/sources_1/new/IFIDPipelineReg.v'.
CRITICAL WARNING: [Project 1-19] Could not find the file 'C:/Users/lenovo/iCloudDrive/Assignments/CMPEN331/lab4/lab3/lab3.srcs/sources_1/new/ImmediateExtender.v'.
CRITICAL WARNING: [Project 1-19] Could not find the file 'C:/Users/lenovo/iCloudDrive/Assignments/CMPEN331/lab4/lab3/lab3.srcs/sources_1/new/InstructionMemory.v'.
CRITICAL WARNING: [Project 1-19] Could not find the file 'C:/Users/lenovo/iCloudDrive/Assignments/CMPEN331/lab4/lab3/lab3.srcs/sources_1/new/PC.v'.
CRITICAL WARNING: [Project 1-19] Could not find the file 'C:/Users/lenovo/iCloudDrive/Assignments/CMPEN331/lab4/lab3/lab3.srcs/sources_1/new/PcAdder.v'.
CRITICAL WARNING: [Project 1-19] Could not find the file 'C:/Users/lenovo/iCloudDrive/Assignments/CMPEN331/lab4/lab3/lab3.srcs/sources_1/new/RegisterFile.v'.
CRITICAL WARNING: [Project 1-19] Could not find the file 'C:/Users/lenovo/iCloudDrive/Assignments/CMPEN331/lab4/lab3/lab3.srcs/sources_1/new/RegrtMultiplexer.v'.
CRITICAL WARNING: [Project 1-19] Could not find the file 'C:/Users/lenovo/iCloudDrive/Assignments/CMPEN331/lab4/lab3/lab3.srcs/sources_1/new/alu.v'.
CRITICAL WARNING: [Project 1-19] Could not find the file 'C:/Users/lenovo/iCloudDrive/Assignments/CMPEN331/lab4/lab3/lab3.srcs/sources_1/new/aluMultiplexer.v'.
CRITICAL WARNING: [Project 1-19] Could not find the file 'C:/Users/lenovo/iCloudDrive/Assignments/CMPEN331/lab4/lab3/lab3.srcs/sources_1/new/dataMemory.v'.
CRITICAL WARNING: [Project 1-19] Could not find the file 'C:/Users/lenovo/iCloudDrive/Assignments/CMPEN331/lab4/lab3/lab3.srcs/sources_1/new/exememPipelineReg.v'.
CRITICAL WARNING: [Project 1-19] Could not find the file 'C:/Users/lenovo/iCloudDrive/Assignments/CMPEN331/lab4/lab3/lab3.srcs/sources_1/new/memwbPipelineReg.v'.
CRITICAL WARNING: [Project 1-19] Could not find the file 'C:/Users/lenovo/iCloudDrive/Assignments/CMPEN331/lab4/lab3/lab3.srcs/sources_1/new/Datapath.v'.
Scanning sources...
Finished scanning sources
INFO: [IP_Flow 19-234] Refreshing IP repositories
INFO: [IP_Flow 19-1704] No user IP repositories specified
INFO: [IP_Flow 19-2313] Loaded Vivado IP repository 'D:/Software/Vivado/Vivado/2020.2/data/ip'.
open_project: Time (s): cpu = 00:00:15 ; elapsed = 00:00:05 . Memory (MB): peak = 1017.105 ; gain = 0.000
update_compile_order -fileset sources_1
update_compile_order -fileset sources_1
exit
INFO: [Common 17-206] Exiting Vivado at Tue Jul 19 16:46:58 2022...
